mkdir: cannot create directory ‘/disk/ted’: Permission denied
[INFO] Exp. name : asr_example_sd0                                                                         
[INFO] Loading data... large corpus may took a while.                                                      
{'name': 'Tedlium', 'path': '/home/s1870697/MLP_Group_Project/src/Data/TEDLIUM_release-3/legacy', 'train_split': ['train'], 'dev_split': ['dev'], 'bucketing': True, 'batch_size': 2}
tedlium
['dev']
8
['train']
50
[INFO] Data spec. | Corpus = Tedlium (from /home/s1870697/MLP_Group_Project/src/Data/TEDLIUM_release-3/legacy)
[INFO]            | Train sets = ['train']	| Number of utts = 50                                           
[INFO]            | Dev sets = ['dev']	| Number of utts = 8                                                
[INFO]            | Batch size = 2		| Bucketing = True                                                     
[INFO] I/O spec.  | Audio feature = mfcc	| feature dim = 39	| Token type = character	| Vocab size = 32     
[INFO] Model spec.| Encoder's downsampling rate of time axis is 4.                                         
[INFO]            | VGG Extractor w/ time downsampling rate = 4 in encoder enabled.                        
[INFO]            | loc attention decoder enabled ( lambda = 1.0).                                         
[INFO] Optim.spec.| Algo. = Adadelta	| Lr = 1.0	 (Scheduler = fixed)| Scheduled sampling = False           
[INFO] Total training steps 150.0K.                                                                        
/home/s1870697/MLP_Group_Project/tedlium_model/src/module.py:46: UserWarning: __floordiv__ is deprecated, and its behavior will change in a future version of pytorch. It currently rounds toward 0 (like the 'trunc' function NOT 'floor'). This results in incorrect rounding for negative values. To keep the current behavior, use torch.div(a, b, rounding_mode='trunc'), or for actual floor division, use torch.div(a, b, rounding_mode='floor').
  feat_len = feat_len//4
[K[1.0 ] Tr stat | Loss - 3.49 | Grad. Norm - 4.80 | 10.230 sec/step (rd 65.4% | fw 14.2% | bw 20.5%)[K[1.0 ] Valid step - 1/4[K[1.0 ] Valid step - 2/4[K[1.0 ] Valid step - 3/4[K[1.0 ] Valid step - 4/4slurmstepd-landonia14: error: *** JOB 1397345 ON landonia14 CANCELLED AT 2022-03-27T14:53:10 ***
